<?xml version="1.0" encoding="UTF-8"?>
<!-- Generated by org.testng.reporters.JUnitReportReporter -->
<testsuite hostname="W10CG753X2" failures="0" tests="1" name="com.shopclues.tests.TS_003_PRODUCT_COUNT" time="28.994" errors="0" timestamp="2022-03-12T23:32:30 IST" skipped="0">
  <testcase classname="com.shopclues.tests.TS_003_PRODUCT_COUNT" name="productCount" time="28.994"/>
  <system-out>
    <![CDATA[Results of products found 1932]]>
  </system-out>
</testsuite> <!-- com.shopclues.tests.TS_003_PRODUCT_COUNT -->
