<?xml version="1.0" encoding="UTF-8"?>
<!-- Generated by org.testng.reporters.JUnitReportReporter -->
<testsuite hostname="W10CG753X2" failures="0" tests="1" name="com.shopclues.tests.TS_001_LOGIN_PAGE_VALIDATION" time="5.526" errors="0" timestamp="2022-03-12T16:37:56 IST" skipped="0">
  <testcase classname="com.shopclues.tests.TS_001_LOGIN_PAGE_VALIDATION" name="loginPage" time="5.526"/>
  <system-out>
    <![CDATA[Test case started: LOGINPAGE
[Please enter valid email id or mobile number.]
The name of the testcase passed is: LOGINPAGE]]>
  </system-out>
</testsuite> <!-- com.shopclues.tests.TS_001_LOGIN_PAGE_VALIDATION -->
